0 info it worked if it ends with ok
1 verbose cli [ 'node', '/usr/local/bin/npm', 'install', '-S', 'os' ]
2 info using npm@1.2.15
3 info using node@v0.10.1
4 verbose read json /Users/jaakko/Dropbox/Coding/Projects/tiko/lierot_lennosta/lierot/package.json
5 verbose read json /Users/jaakko/Dropbox/Coding/Projects/tiko/lierot_lennosta/lierot/node_modules/express/package.json
6 verbose read json /Users/jaakko/Dropbox/Coding/Projects/tiko/lierot_lennosta/lierot/node_modules/utils/package.json
7 verbose read json /Users/jaakko/Dropbox/Coding/Projects/tiko/lierot_lennosta/lierot/node_modules/ws/package.json
8 verbose from cache /Users/jaakko/Dropbox/Coding/Projects/tiko/lierot_lennosta/lierot/package.json
9 verbose readDependencies using package.json deps
10 verbose cache add [ 'os', null ]
11 verbose cache add name=undefined spec="os" args=["os",null]
12 verbose parsed url { protocol: null,
12 verbose parsed url   slashes: null,
12 verbose parsed url   auth: null,
12 verbose parsed url   host: null,
12 verbose parsed url   port: null,
12 verbose parsed url   hostname: null,
12 verbose parsed url   hash: null,
12 verbose parsed url   search: null,
12 verbose parsed url   query: null,
12 verbose parsed url   pathname: 'os',
12 verbose parsed url   path: 'os',
12 verbose parsed url   href: 'os' }
13 silly lockFile 999a3419-os os
14 verbose lock os /Users/jaakko/.npm/999a3419-os.lock
15 silly lockFile 999a3419-os os
16 silly lockFile 999a3419-os os
17 verbose addNamed [ 'os', '' ]
18 verbose addNamed [ null, '' ]
19 silly lockFile 46c56d42-os os@
20 verbose lock os@ /Users/jaakko/.npm/46c56d42-os.lock
21 silly addNameRange { name: 'os', range: '', hasData: false }
22 verbose url raw os
23 verbose url resolving [ 'https://registry.npmjs.org/', './os' ]
24 verbose url resolved https://registry.npmjs.org/os
25 info trying registry request attempt 1 at 11:42:47
26 http GET https://registry.npmjs.org/os
27 http 404 https://registry.npmjs.org/os
28 silly registry.get cb [ 404,
28 silly registry.get   { server: 'CouchDB/1.3.1 (Erlang OTP/R15B03)',
28 silly registry.get     date: 'Fri, 25 Oct 2013 08:42:48 GMT',
28 silly registry.get     'content-type': 'application/json',
28 silly registry.get     'content-length': '52',
28 silly registry.get     'cache-control': 'must-revalidate' } ]
29 silly lockFile 46c56d42-os os@
30 silly lockFile 46c56d42-os os@
31 error 404 'os' is not in the npm registry.
31 error 404 You should bug the author to publish it
31 error 404
31 error 404 Note that you can also install from a
31 error 404 tarball, folder, or http url, or git url.
32 error System Darwin 12.5.0
33 error command "node" "/usr/local/bin/npm" "install" "-S" "os"
34 error cwd /Users/jaakko/Dropbox/Coding/Projects/tiko/lierot_lennosta/lierot
35 error node -v v0.10.1
36 error npm -v 1.2.15
37 error code E404
38 verbose exit [ 1, true ]
